# JRE version: Java(TM) SE Runtime Environment (17.0.12+8) (build 17.0.12+8-LTS-286)
# Java VM: Java HotSpot(TM) 64-Bit Server VM (17.0.12+8-LTS-286, mixed mode, sharing, tiered, compressed oops, compressed class ptrs, g1 gc, windows-amd64)
GC Precious Log:
 CPUs: 4 total, 4 available
 Memory: 8026M
 Large Page Support: Disabled
 NUMA Support: Disabled
 Compressed Oops: Enabled (32-bit)
 Heap Region Size: 1M
 Heap Min Capacity: 8M
 Heap Initial Capacity: 126M
 Heap Max Capacity: 2008M
 Pre-touch: Disabled
 Parallel Workers: 4
 Concurrent Workers: 1
 Concurrent Refinement Workers: 4
 Periodic GC: Disabled
Heap:
 garbage-first heap   total 134144K, used 48734K [0x0000000082800000, 0x0000000100000000)
  region size 1024K, 2 young (2048K), 2 survivors (2048K)
 Metaspace       used 28077K, committed 28416K, reserved 1114112K
  class space    used 3195K, committed 3328K, reserved 1048576K
GC Heap History (20 events):
Event: 1.839 GC heap after
{Heap after GC invocations=2 (full 0):
 garbage-first heap   total 129024K, used 4565K [0x0000000082800000, 0x0000000100000000)
  region size 1024K, 1 young (1024K), 1 survivors (1024K)
 Metaspace       used 7415K, committed 7616K, reserved 1114112K
  class space    used 843K, committed 960K, reserved 1048576K
}
Event: 3.110 GC heap before
{Heap before GC invocations=2 (full 0):
 garbage-first heap   total 129024K, used 32213K [0x0000000082800000, 0x0000000100000000)
  region size 1024K, 28 young (28672K), 1 survivors (1024K)
 Metaspace       used 10212K, committed 10432K, reserved 1114112K
  class space    used 1186K, committed 1280K, reserved 1048576K
}
Event: 3.113 GC heap after
{Heap after GC invocations=3 (full 0):
 garbage-first heap   total 129024K, used 5347K [0x0000000082800000, 0x0000000100000000)
  region size 1024K, 2 young (2048K), 2 survivors (2048K)
 Metaspace       used 10212K, committed 10432K, reserved 1114112K
  class space    used 1186K, committed 1280K, reserved 1048576K
}
Event: 6.230 GC heap before
{Heap before GC invocations=3 (full 0):
 garbage-first heap   total 129024K, used 80099K [0x0000000082800000, 0x0000000100000000)
  region size 1024K, 75 young (76800K), 2 survivors (2048K)
 Metaspace       used 17402K, committed 17600K, reserved 1114112K
  class space    used 2031K, committed 2112K, reserved 1048576K
}
Event: 6.246 GC heap after
{Heap after GC invocations=4 (full 0):
 garbage-first heap   total 129024K, used 13146K [0x0000000082800000, 0x0000000100000000)
  region size 1024K, 10 young (10240K), 10 survivors (10240K)
 Metaspace       used 17402K, committed 17600K, reserved 1114112K
  class space    used 2031K, committed 2112K, reserved 1048576K
}
Event: 8.670 GC heap before
{Heap before GC invocations=4 (full 0):
 garbage-first heap   total 129024K, used 79706K [0x0000000082800000, 0x0000000100000000)
  region size 1024K, 75 young (76800K), 10 survivors (10240K)
 Metaspace       used 18281K, committed 18496K, reserved 1114112K
  class space    used 2069K, committed 2176K, reserved 1048576K
}
Event: 8.691 GC heap after
{Heap after GC invocations=5 (full 0):
 garbage-first heap   total 129024K, used 15884K [0x0000000082800000, 0x0000000100000000)
  region size 1024K, 4 young (4096K), 4 survivors (4096K)
 Metaspace       used 18281K, committed 18496K, reserved 1114112K
  class space    used 2069K, committed 2176K, reserved 1048576K
}
Event: 39.769 GC heap before
{Heap before GC invocations=5 (full 0):
 garbage-first heap   total 129024K, used 54796K [0x0000000082800000, 0x0000000100000000)
  region size 1024K, 43 young (44032K), 4 survivors (4096K)
 Metaspace       used 21240K, committed 21504K, reserved 1114112K
  class space    used 2397K, committed 2560K, reserved 1048576K
}
Event: 39.776 GC heap after
{Heap after GC invocations=6 (full 0):
 garbage-first heap   total 129024K, used 17210K [0x0000000082800000, 0x0000000100000000)
  region size 1024K, 5 young (5120K), 5 survivors (5120K)
 Metaspace       used 21240K, committed 21504K, reserved 1114112K
  class space    used 2397K, committed 2560K, reserved 1048576K
}
Event: 41.586 GC heap before
{Heap before GC invocations=7 (full 0):
 garbage-first heap   total 65536K, used 54074K [0x0000000082800000, 0x0000000100000000)
  region size 1024K, 38 young (38912K), 5 survivors (5120K)
 Metaspace       used 27891K, committed 28224K, reserved 1114112K
  class space    used 3176K, committed 3328K, reserved 1048576K
}
Event: 41.611 GC heap after
{Heap after GC invocations=8 (full 0):
 garbage-first heap   total 70656K, used 29897K [0x0000000082800000, 0x0000000100000000)
  region size 1024K, 5 young (5120K), 5 survivors (5120K)
 Metaspace       used 27891K, committed 28224K, reserved 1114112K
  class space    used 3176K, committed 3328K, reserved 1048576K
}
Event: 41.625 GC heap before
{Heap before GC invocations=8 (full 0):
 garbage-first heap   total 70656K, used 30921K [0x0000000082800000, 0x0000000100000000)
  region size 1024K, 6 young (6144K), 5 survivors (5120K)
 Metaspace       used 27897K, committed 28224K, reserved 1114112K
  class space    used 3176K, committed 3328K, reserved 1048576K
}
Event: 41.636 GC heap after
{Heap after GC invocations=9 (full 0):
 garbage-first heap   total 70656K, used 31368K [0x0000000082800000, 0x0000000100000000)
  region size 1024K, 1 young (1024K), 1 survivors (1024K)
 Metaspace       used 27897K, committed 28224K, reserved 1114112K
  class space    used 3176K, committed 3328K, reserved 1048576K
}
Event: 41.975 GC heap before
{Heap before GC invocations=9 (full 0):
 garbage-first heap   total 70656K, used 50824K [0x0000000082800000, 0x0000000100000000)
  region size 1024K, 20 young (20480K), 1 survivors (1024K)
 Metaspace       used 27927K, committed 28224K, reserved 1114112K
  class space    used 3176K, committed 3328K, reserved 1048576K
}
Event: 41.983 GC heap after
{Heap after GC invocations=10 (full 0):
 garbage-first heap   total 70656K, used 39424K [0x0000000082800000, 0x0000000100000000)
  region size 1024K, 3 young (3072K), 3 survivors (3072K)
 Metaspace       used 27927K, committed 28224K, reserved 1114112K
  class space    used 3176K, committed 3328K, reserved 1048576K
}
Event: 42.219 GC heap before
{Heap before GC invocations=11 (full 0):
 garbage-first heap   total 70656K, used 52736K [0x0000000082800000, 0x0000000100000000)
  region size 1024K, 16 young (16384K), 3 survivors (3072K)
 Metaspace       used 27935K, committed 28224K, reserved 1114112K
  class space    used 3176K, committed 3328K, reserved 1048576K
}
Event: 42.227 GC heap after
{Heap after GC invocations=12 (full 0):
 garbage-first heap   total 70656K, used 45056K [0x0000000082800000, 0x0000000100000000)
  region size 1024K, 2 young (2048K), 2 survivors (2048K)
 Metaspace       used 27935K, committed 28224K, reserved 1114112K
  class space    used 3176K, committed 3328K, reserved 1048576K
}
Event: 42.244 GC heap before
{Heap before GC invocations=12 (full 0):
 garbage-first heap   total 70656K, used 46080K [0x0000000082800000, 0x0000000100000000)
  region size 1024K, 3 young (3072K), 2 survivors (2048K)
 Metaspace       used 27936K, committed 28224K, reserved 1114112K
  class space    used 3176K, committed 3328K, reserved 1048576K
}
Event: 42.249 GC heap after
{Heap after GC invocations=13 (full 0):
 garbage-first heap   total 70656K, used 45683K [0x0000000082800000, 0x0000000100000000)
  region size 1024K, 1 young (1024K), 1 survivors (1024K)
 Metaspace       used 27936K, committed 28224K, reserved 1114112K
  class space    used 3176K, committed 3328K, reserved 1048576K
}
Event: 42.471 GC heap before
{Heap before GC invocations=13 (full 0):
 garbage-first heap   total 70656K, used 53875K [0x0000000082800000, 0x0000000100000000)
  region size 1024K, 9 young (9216K), 1 survivors (1024K)
 Metaspace       used 28077K, committed 28416K, reserved 1114112K
  class space    used 3195K, committed 3328K, reserved 1048576K
}

